<?xml version="1.0" encoding="UTF-8"?>
<!-- Generated by org.testng.reporters.JUnitReportReporter -->
<testsuite hostname="DESKTOP-9QSCV6P" failures="0" tests="5" name="Automation.Cucumber.MavenTest" time="0.014" errors="0" timestamp="2022-05-20T11:52:25 IST" skipped="0">
  <testcase classname="Automation.Cucumber.MavenTest" name="Test5" time="0.002"/>
  <system-out/>
  <testcase classname="Automation.Cucumber.MavenTest" name="Test3" time="0.001"/>
  <system-out/>
  <testcase classname="Automation.Cucumber.MavenTest" name="Test4" time="0.002"/>
  <system-out/>
  <testcase classname="Automation.Cucumber.MavenTest" name="Test2" time="0.001"/>
  <system-out/>
  <testcase classname="Automation.Cucumber.MavenTest" name="Test1" time="0.008"/>
  <system-out/>
</testsuite> <!-- Automation.Cucumber.MavenTest -->
