<?xml version="1.0" encoding="UTF-8"?>
<!-- Generated by org.testng.reporters.JUnitReportReporter -->
<testsuite skipped="0" hostname="DESKTOP-9QSCV6P" name="Automation.Cucumber.MavenTest2" tests="5" failures="0" timestamp="2022-05-20T13:17:39 IST" time="0.011" errors="0">
  <testcase name="Test14" time="0.006" classname="Automation.Cucumber.MavenTest2"/>
  <system-out/>
  <testcase name="Test13" time="0.000" classname="Automation.Cucumber.MavenTest2"/>
  <system-out/>
  <testcase name="Test15" time="0.000" classname="Automation.Cucumber.MavenTest2"/>
  <system-out/>
  <testcase name="Test11" time="0.005" classname="Automation.Cucumber.MavenTest2"/>
  <system-out/>
  <testcase name="Test12" time="0.000" classname="Automation.Cucumber.MavenTest2"/>
  <system-out/>
</testsuite> <!-- Automation.Cucumber.MavenTest2 -->
