<?xml version="1.0" encoding="UTF-8"?>
<!-- Generated by org.testng.reporters.JUnitReportReporter -->
<testsuite hostname="DESKTOP-9QSCV6P" failures="0" tests="2" name="jenkinsTest.jenkinTest" time="17.053" errors="0" timestamp="2022-05-20T22:37:44 IST" skipped="0">
  <testcase classname="jenkinsTest.jenkinTest" name="myTest1" time="6.917"/>
  <system-out/>
  <testcase classname="jenkinsTest.jenkinTest" name="myTest2" time="10.136"/>
  <system-out/>
</testsuite> <!-- jenkinsTest.jenkinTest -->
