<?xml version="1.0" encoding="UTF-8"?>
<!-- Generated by org.testng.reporters.JUnitReportReporter -->
<testsuite skipped="0" hostname="DESKTOP-9QSCV6P" name="Automation.Cucumber.MavenTest" tests="5" failures="0" timestamp="2022-05-20T16:58:14 IST" time="0.009" errors="0">
  <testcase name="Test2" time="0.001" classname="Automation.Cucumber.MavenTest"/>
  <system-out/>
  <testcase name="Test3" time="0.000" classname="Automation.Cucumber.MavenTest"/>
  <system-out/>
  <testcase name="Test5" time="0.001" classname="Automation.Cucumber.MavenTest"/>
  <system-out/>
  <testcase name="Test1" time="0.006" classname="Automation.Cucumber.MavenTest"/>
  <system-out/>
  <testcase name="Test4" time="0.001" classname="Automation.Cucumber.MavenTest"/>
  <system-out/>
</testsuite> <!-- Automation.Cucumber.MavenTest -->
