<?xml version="1.0" encoding="UTF-8"?>
<!-- Generated by org.testng.reporters.JUnitReportReporter -->
<testsuite skipped="0" hostname="DESKTOP-9QSCV6P" name="Automation.Cucumber.MavenTest3" tests="6" failures="0" timestamp="2022-05-20T16:58:14 IST" time="0.004" errors="0">
  <testcase name="Test10" time="0.001" classname="Automation.Cucumber.MavenTest3"/>
  <system-out/>
  <testcase name="Test6" time="0.000" classname="Automation.Cucumber.MavenTest3"/>
  <system-out/>
  <testcase name="Test8" time="0.001" classname="Automation.Cucumber.MavenTest3"/>
  <system-out/>
  <testcase name="Test9" time="0.001" classname="Automation.Cucumber.MavenTest3"/>
  <system-out/>
  <testcase name="Test16" time="0.001" classname="Automation.Cucumber.MavenTest3"/>
  <system-out/>
  <testcase name="Test7" time="0.000" classname="Automation.Cucumber.MavenTest3"/>
  <system-out/>
</testsuite> <!-- Automation.Cucumber.MavenTest3 -->
